<?xml version="1.0" encoding="UTF-8"?>
<!-- Generated by org.testng.reporters.JUnitReportReporter -->
<testsuite hostname="DESKTOP-26Q4VR8" failures="0" tests="1" name="coursePaymentTests.courseLoginTests" time="11.822" errors="0" timestamp="2024-04-28T14:49:07 IST" skipped="0">
  <testcase classname="coursePaymentTests.courseLoginTests" name="testLogin" time="11.822"/>
  <system-out/>
</testsuite> <!-- coursePaymentTests.courseLoginTests -->
