<?xml version="1.0" encoding="UTF-8"?>
<!-- Generated by org.testng.reporters.JUnitReportReporter -->
<testsuite hostname="DESKTOP-26Q4VR8" failures="0" tests="1" name="coursePaymentTests.coursePaymentLoginTests" time="16.960" errors="0" timestamp="2024-04-28T11:43:25 IST" skipped="0">
  <testcase classname="coursePaymentTests.coursePaymentLoginTests" name="testCoursePayment" time="16.960"/>
  <system-out/>
</testsuite> <!-- coursePaymentTests.coursePaymentLoginTests -->
