<?xml version="1.0" encoding="UTF-8"?>
<!-- Generated by org.testng.reporters.JUnitReportReporter -->
<testsuite hostname="DESKTOP-26Q4VR8" failures="0" tests="1" name="coursePaymentTests.courseLoginTests" time="17.566" errors="0" timestamp="2024-04-28T14:46:45 IST" skipped="0">
  <testcase classname="coursePaymentTests.courseLoginTests" name="testLogin" time="17.566"/>
</testsuite> <!-- coursePaymentTests.courseLoginTests -->
